  [1m[35m (1.7ms)[0m  [1m[35mCREATE TABLE "schema_migrations" ("version" varchar NOT NULL PRIMARY KEY)[0m
  [1m[35m (1.0ms)[0m  [1m[35mCREATE TABLE "ar_internal_metadata" ("key" varchar NOT NULL PRIMARY KEY, "value" varchar, "created_at" datetime NOT NULL, "updated_at" datetime NOT NULL)[0m
  [1m[36mActiveRecord::SchemaMigration Load (0.1ms)[0m  [1m[34mSELECT "schema_migrations".* FROM "schema_migrations"[0m
Migrating to CreateUsers (20170619203656)
  [1m[35m (0.0ms)[0m  [1m[36mbegin transaction[0m
  [1m[35m (0.5ms)[0m  [1m[35mCREATE TABLE "users" ("id" INTEGER PRIMARY KEY AUTOINCREMENT NOT NULL, "name" varchar, "created_at" datetime NOT NULL, "updated_at" datetime NOT NULL)[0m
  [1m[35mSQL (0.1ms)[0m  [1m[32mINSERT INTO "schema_migrations" ("version") VALUES (?)[0m  [["version", "20170619203656"]]
  [1m[35m (0.9ms)[0m  [1m[36mcommit transaction[0m
Migrating to CreateNotes (20170619203722)
  [1m[35m (0.0ms)[0m  [1m[36mbegin transaction[0m
  [1m[35m (0.3ms)[0m  [1m[35mCREATE TABLE "notes" ("id" INTEGER PRIMARY KEY AUTOINCREMENT NOT NULL, "user_id" integer, "title" varchar, "body" varchar, "created_at" datetime NOT NULL, "updated_at" datetime NOT NULL)[0m
  [1m[35mSQL (0.1ms)[0m  [1m[32mINSERT INTO "schema_migrations" ("version") VALUES (?)[0m  [["version", "20170619203722"]]
  [1m[35m (0.6ms)[0m  [1m[36mcommit transaction[0m
  [1m[36mActiveRecord::InternalMetadata Load (0.1ms)[0m  [1m[34mSELECT  "ar_internal_metadata".* FROM "ar_internal_metadata" WHERE "ar_internal_metadata"."key" = ? LIMIT ?[0m  [["key", "environment"], ["LIMIT", 1]]
  [1m[35m (0.0ms)[0m  [1m[36mbegin transaction[0m
  [1m[35mSQL (0.3ms)[0m  [1m[32mINSERT INTO "ar_internal_metadata" ("key", "value", "created_at", "updated_at") VALUES (?, ?, ?, ?)[0m  [["key", "environment"], ["value", "development"], ["created_at", "2019-01-17 14:15:03.717341"], ["updated_at", "2019-01-17 14:15:03.717341"]]
  [1m[35m (1.2ms)[0m  [1m[36mcommit transaction[0m
  [1m[36mActiveRecord::SchemaMigration Load (0.1ms)[0m  [1m[34mSELECT "schema_migrations".* FROM "schema_migrations"[0m
  [1m[36mActiveRecord::SchemaMigration Load (0.1ms)[0m  [1m[34mSELECT "schema_migrations".* FROM "schema_migrations"[0m
  [1m[36mUser Load (0.1ms)[0m  [1m[34mSELECT "users".* FROM "users"[0m
  [1m[35m (0.0ms)[0m  [1m[36mbegin transaction[0m
  [1m[35mSQL (0.3ms)[0m  [1m[32mINSERT INTO "users" ("name", "created_at", "updated_at") VALUES (?, ?, ?)[0m  [["name", "andrew"], ["created_at", "2019-01-17 14:15:25.680473"], ["updated_at", "2019-01-17 14:15:25.680473"]]
  [1m[35m (0.7ms)[0m  [1m[36mcommit transaction[0m
  [1m[36mNote Load (0.1ms)[0m  [1m[34mSELECT "notes".* FROM "notes"[0m
  [1m[35m (0.0ms)[0m  [1m[36mbegin transaction[0m
  [1m[35mSQL (0.3ms)[0m  [1m[32mINSERT INTO "notes" ("user_id", "title", "body", "created_at", "updated_at") VALUES (?, ?, ?, ?, ?)[0m  [["user_id", 1], ["title", "Spes cuius adaugeo excepturi."], ["body", "Tantum conicio sollicito. Abduco speciosus vestrum. Eius aspernatur bellicus.\\nValens somnus argumentum. Auctus crinis cimentarius. Omnis calamitas sint.\\nAlias conservo adfero. Vilis conduco ars. Vero ancilla caveo."], ["created_at", "2019-01-17 14:15:26.228848"], ["updated_at", "2019-01-17 14:15:26.228848"]]
  [1m[35m (0.7ms)[0m  [1m[36mcommit transaction[0m
  [1m[35m (0.1ms)[0m  [1m[36mbegin transaction[0m
  [1m[35mSQL (0.2ms)[0m  [1m[32mINSERT INTO "notes" ("user_id", "title", "body", "created_at", "updated_at") VALUES (?, ?, ?, ?, ?)[0m  [["user_id", 1], ["title", "Cavus paulatim."], ["body", "Tergo cunabula textor. Voluntarius contigo alo. Texo astrum culpa.\\nAgnosco venustas voro. Laboriosam deleo astrum. Tenax similique desino.\\nCubicularis doloremque nulla. Aptus conservo accusamus. In caute valens."], ["created_at", "2019-01-17 14:15:26.231777"], ["updated_at", "2019-01-17 14:15:26.231777"]]
  [1m[35m (0.8ms)[0m  [1m[36mcommit transaction[0m
  [1m[35m (0.0ms)[0m  [1m[36mbegin transaction[0m
  [1m[35mSQL (0.3ms)[0m  [1m[32mINSERT INTO "notes" ("user_id", "title", "body", "created_at", "updated_at") VALUES (?, ?, ?, ?, ?)[0m  [["user_id", 1], ["title", "Stips."], ["body", "Sponte amor consequatur. Demens arbor vaco. Stips sapiente turbo.\\nVolutabrum caritas astrum. Subnecto vulgaris molestiae. Caries terra defendo.\\nTantillus tollo corporis. Studio supplanto via. Accedo ait cado."], ["created_at", "2019-01-17 14:15:26.234884"], ["updated_at", "2019-01-17 14:15:26.234884"]]
  [1m[35m (0.8ms)[0m  [1m[36mcommit transaction[0m
  [1m[35m (0.0ms)[0m  [1m[36mbegin transaction[0m
  [1m[35mSQL (0.3ms)[0m  [1m[32mINSERT INTO "notes" ("user_id", "title", "body", "created_at", "updated_at") VALUES (?, ?, ?, ?, ?)[0m  [["user_id", 1], ["title", "Maiores."], ["body", "Atrox iste demens. Arca virgo suadeo. Soluta rerum amitto.\\nConvoco succurro rem. Totam arbitro debeo. Culpo stella amoveo.\\nTheca vinco curis. Adiuvo ad accusantium. Est venia sint."], ["created_at", "2019-01-17 14:15:26.237535"], ["updated_at", "2019-01-17 14:15:26.237535"]]
  [1m[35m (0.8ms)[0m  [1m[36mcommit transaction[0m
  [1m[35m (0.0ms)[0m  [1m[36mbegin transaction[0m
  [1m[35mSQL (0.3ms)[0m  [1m[32mINSERT INTO "notes" ("user_id", "title", "body", "created_at", "updated_at") VALUES (?, ?, ?, ?, ?)[0m  [["user_id", 1], ["title", "Debilito et."], ["body", "Cedo abstergo tardus. Aegrotatio canonicus suspendo. Aspernatur sufficio est.\\nTotidem atavus convoco. Ipsa crustulum conforto. Vivo alo solum.\\nDelego vito labore. Astrum torrens copia. Deinde defero cubo."], ["created_at", "2019-01-17 14:15:26.240158"], ["updated_at", "2019-01-17 14:15:26.240158"]]
  [1m[35m (0.6ms)[0m  [1m[36mcommit transaction[0m
  [1m[35m (0.0ms)[0m  [1m[36mbegin transaction[0m
  [1m[35mSQL (0.3ms)[0m  [1m[32mINSERT INTO "notes" ("user_id", "title", "body", "created_at", "updated_at") VALUES (?, ?, ?, ?, ?)[0m  [["user_id", 1], ["title", "Velociter."], ["body", "Crux adinventitias terebro. Culpa calamitas saepe. Perferendis vado ars.\\nOptio circumvenio velum. Blanditiis conventus animadverto. Repellendus esse cohaero.\\nTergo credo tabula. Curvo curvus aestus. Victoria voluptatibus crepusculum."], ["created_at", "2019-01-17 14:15:26.242997"], ["updated_at", "2019-01-17 14:15:26.242997"]]
  [1m[35m (0.6ms)[0m  [1m[36mcommit transaction[0m
  [1m[35m (0.0ms)[0m  [1m[36mbegin transaction[0m
  [1m[35mSQL (0.3ms)[0m  [1m[32mINSERT INTO "notes" ("user_id", "title", "body", "created_at", "updated_at") VALUES (?, ?, ?, ?, ?)[0m  [["user_id", 1], ["title", "Apud ante."], ["body", "Volubilis statim itaque. Accipio non vomito. Deficio crustulum cerno.\\nIste at versus. Calculus terror defaeco. Vulgus cunctatio attollo.\\nCultellus auris coma. Est absens artificiose. Acervus argentum abundans."], ["created_at", "2019-01-17 14:15:26.245718"], ["updated_at", "2019-01-17 14:15:26.245718"]]
  [1m[35m (0.5ms)[0m  [1m[36mcommit transaction[0m
  [1m[35m (0.0ms)[0m  [1m[36mbegin transaction[0m
  [1m[35mSQL (0.2ms)[0m  [1m[32mINSERT INTO "notes" ("user_id", "title", "body", "created_at", "updated_at") VALUES (?, ?, ?, ?, ?)[0m  [["user_id", 1], ["title", "Terminatio curvus aut caute."], ["body", "Cometes clamo odio. Calco cariosus sed. Doloremque aspernatur valens.\\nTextor quaerat curo. Subvenio audeo vehemens. Vae audacia defetiscor.\\nCarmen suppono vel. Autem curis delectus. Tersus spiculum alo."], ["created_at", "2019-01-17 14:15:26.248362"], ["updated_at", "2019-01-17 14:15:26.248362"]]
  [1m[35m (0.5ms)[0m  [1m[36mcommit transaction[0m
  [1m[35m (0.0ms)[0m  [1m[36mbegin transaction[0m
  [1m[35mSQL (0.2ms)[0m  [1m[32mINSERT INTO "notes" ("user_id", "title", "body", "created_at", "updated_at") VALUES (?, ?, ?, ?, ?)[0m  [["user_id", 1], ["title", "Clementia."], ["body", "Degero demens solvo. Casso decerno cresco. Vita vespillo aggero.\\nTerminatio doloribus fugit. Tametsi voluptate tam. Annus aggredior victoria.\\nSuscipio accusamus deficio. Stabilis clarus aperiam. Tamdiu desparatus administratio."], ["created_at", "2019-01-17 14:15:26.250542"], ["updated_at", "2019-01-17 14:15:26.250542"]]
  [1m[35m (0.4ms)[0m  [1m[36mcommit transaction[0m
  [1m[35m (0.0ms)[0m  [1m[36mbegin transaction[0m
  [1m[35mSQL (0.3ms)[0m  [1m[32mINSERT INTO "notes" ("user_id", "title", "body", "created_at", "updated_at") VALUES (?, ?, ?, ?, ?)[0m  [["user_id", 1], ["title", "Turpe vinitor ara copiose."], ["body", "Possimus cavus timor. Sublime curso corrupti. Sub spiculum vere.\\nUna sit distinctio. Tricesimus eius corrumpo. Est censura sunt.\\nThymum confero uter. Avoco deprimo quia. Vinum aveho suffragium."], ["created_at", "2019-01-17 14:15:26.253069"], ["updated_at", "2019-01-17 14:15:26.253069"]]
  [1m[35m (0.7ms)[0m  [1m[36mcommit transaction[0m
Started GET "/rails/info/routes" for 127.0.0.1 at 2019-01-17 09:18:00 -0500
  [1m[36mActiveRecord::SchemaMigration Load (0.1ms)[0m  [1m[34mSELECT "schema_migrations".* FROM "schema_migrations"[0m
Processing by Rails::InfoController#routes as HTML
  Parameters: {"internal"=>true}
  Rendering /Users/andrew/.rvm/gems/ruby-2.5.1/gems/railties-5.0.7.1/lib/rails/templates/rails/info/routes.html.erb within layouts/application
  Rendered collection of /Users/andrew/.rvm/gems/ruby-2.5.1/gems/actionpack-5.0.7.1/lib/action_dispatch/middleware/templates/routes/_route.html.erb [12 times] (2.7ms)
  Rendered /Users/andrew/.rvm/gems/ruby-2.5.1/gems/actionpack-5.0.7.1/lib/action_dispatch/middleware/templates/routes/_table.html.erb (6.2ms)
  Rendered /Users/andrew/.rvm/gems/ruby-2.5.1/gems/railties-5.0.7.1/lib/rails/templates/rails/info/routes.html.erb within layouts/application (14.1ms)
Completed 200 OK in 27ms (Views: 23.2ms | ActiveRecord: 0.0ms)


Started GET "/api/v1/users" for 127.0.0.1 at 2019-01-17 09:21:26 -0500
Processing by Api::V1::UsersController#index as HTML
  [1m[36mUser Load (0.3ms)[0m  [1m[34mSELECT "users".* FROM "users"[0m
[active_model_serializers]   [1m[36mNote Load (0.1ms)[0m  [1m[34mSELECT "notes".* FROM "notes" WHERE "notes"."user_id" = ?[0m  [["user_id", 1]]
[active_model_serializers] Rendered ActiveModel::Serializer::CollectionSerializer with ActiveModelSerializers::Adapter::Attributes (24.58ms)
Completed 200 OK in 60ms (Views: 53.6ms | ActiveRecord: 1.3ms)


Started GET "/api/v1/users/1" for 127.0.0.1 at 2019-01-17 09:21:36 -0500
Processing by Api::V1::UsersController#show as HTML
  Parameters: {"id"=>"1"}
  [1m[36mUser Load (0.1ms)[0m  [1m[34mSELECT  "users".* FROM "users" WHERE "users"."id" = ? LIMIT ?[0m  [["id", 1], ["LIMIT", 1]]
[active_model_serializers]   [1m[36mNote Load (0.2ms)[0m  [1m[34mSELECT "notes".* FROM "notes" WHERE "notes"."user_id" = ?[0m  [["user_id", 1]]
[active_model_serializers] Rendered UserSerializer with ActiveModelSerializers::Adapter::Attributes (4.09ms)
Completed 200 OK in 6ms (Views: 4.4ms | ActiveRecord: 0.3ms)


Started GET "/api/v1/notes" for 127.0.0.1 at 2019-01-17 09:23:47 -0500
Processing by Api::V1::NotesController#index as HTML
  [1m[36mNote Load (0.2ms)[0m  [1m[34mSELECT "notes".* FROM "notes"[0m
[active_model_serializers]   [1m[36mUser Load (0.1ms)[0m  [1m[34mSELECT  "users".* FROM "users" WHERE "users"."id" = ? LIMIT ?[0m  [["id", 1], ["LIMIT", 1]]
[active_model_serializers]   [1m[36mCACHE (0.0ms)[0m  [1m[34mSELECT  "users".* FROM "users" WHERE "users"."id" = ? LIMIT ?[0m  [["id", 1], ["LIMIT", 1]]
[active_model_serializers]   [1m[36mCACHE (0.0ms)[0m  [1m[34mSELECT  "users".* FROM "users" WHERE "users"."id" = ? LIMIT ?[0m  [["id", 1], ["LIMIT", 1]]
[active_model_serializers]   [1m[36mCACHE (0.0ms)[0m  [1m[34mSELECT  "users".* FROM "users" WHERE "users"."id" = ? LIMIT ?[0m  [["id", 1], ["LIMIT", 1]]
[active_model_serializers]   [1m[36mCACHE (0.0ms)[0m  [1m[34mSELECT  "users".* FROM "users" WHERE "users"."id" = ? LIMIT ?[0m  [["id", 1], ["LIMIT", 1]]
[active_model_serializers]   [1m[36mCACHE (0.0ms)[0m  [1m[34mSELECT  "users".* FROM "users" WHERE "users"."id" = ? LIMIT ?[0m  [["id", 1], ["LIMIT", 1]]
[active_model_serializers]   [1m[36mCACHE (0.0ms)[0m  [1m[34mSELECT  "users".* FROM "users" WHERE "users"."id" = ? LIMIT ?[0m  [["id", 1], ["LIMIT", 1]]
[active_model_serializers]   [1m[36mCACHE (0.0ms)[0m  [1m[34mSELECT  "users".* FROM "users" WHERE "users"."id" = ? LIMIT ?[0m  [["id", 1], ["LIMIT", 1]]
[active_model_serializers]   [1m[36mCACHE (0.0ms)[0m  [1m[34mSELECT  "users".* FROM "users" WHERE "users"."id" = ? LIMIT ?[0m  [["id", 1], ["LIMIT", 1]]
[active_model_serializers]   [1m[36mCACHE (0.0ms)[0m  [1m[34mSELECT  "users".* FROM "users" WHERE "users"."id" = ? LIMIT ?[0m  [["id", 1], ["LIMIT", 1]]
[active_model_serializers] Rendered ActiveModel::Serializer::CollectionSerializer with ActiveModelSerializers::Adapter::Attributes (13.14ms)
Completed 200 OK in 15ms (Views: 14.6ms | ActiveRecord: 0.4ms)


  [1m[36mActiveRecord::SchemaMigration Load (0.1ms)[0m  [1m[34mSELECT "schema_migrations".* FROM "schema_migrations"[0m
  [1m[36mActiveRecord::InternalMetadata Load (0.1ms)[0m  [1m[34mSELECT  "ar_internal_metadata".* FROM "ar_internal_metadata" WHERE "ar_internal_metadata"."key" = ? LIMIT ?[0m  [["key", "environment"], ["LIMIT", 1]]
  [1m[35m (0.0ms)[0m  [1m[36mbegin transaction[0m
  [1m[35m (0.0ms)[0m  [1m[36mcommit transaction[0m
  [1m[36mActiveRecord::SchemaMigration Load (0.1ms)[0m  [1m[34mSELECT "schema_migrations".* FROM "schema_migrations"[0m
  [1m[36mActiveRecord::SchemaMigration Load (0.1ms)[0m  [1m[34mSELECT "schema_migrations".* FROM "schema_migrations"[0m
  [1m[36mUser Load (0.1ms)[0m  [1m[34mSELECT "users".* FROM "users"[0m
  [1m[35m (0.0ms)[0m  [1m[36mbegin transaction[0m
  [1m[35mSQL (0.3ms)[0m  [1m[31mDELETE FROM "users" WHERE "users"."id" = ?[0m  [["id", 1]]
  [1m[35m (2.0ms)[0m  [1m[36mcommit transaction[0m
  [1m[35m (0.5ms)[0m  [1m[36mbegin transaction[0m
  [1m[35mSQL (0.6ms)[0m  [1m[32mINSERT INTO "users" ("name", "created_at", "updated_at") VALUES (?, ?, ?)[0m  [["name", "andrew"], ["created_at", "2019-01-17 14:32:01.034483"], ["updated_at", "2019-01-17 14:32:01.034483"]]
  [1m[35m (0.8ms)[0m  [1m[36mcommit transaction[0m
  [1m[36mNote Load (0.1ms)[0m  [1m[34mSELECT "notes".* FROM "notes"[0m
  [1m[35m (0.0ms)[0m  [1m[36mbegin transaction[0m
  [1m[35mSQL (0.3ms)[0m  [1m[31mDELETE FROM "notes" WHERE "notes"."id" = ?[0m  [["id", 1]]
  [1m[35m (0.9ms)[0m  [1m[36mcommit transaction[0m
  [1m[35m (0.0ms)[0m  [1m[36mbegin transaction[0m
  [1m[35mSQL (0.2ms)[0m  [1m[31mDELETE FROM "notes" WHERE "notes"."id" = ?[0m  [["id", 2]]
  [1m[35m (0.8ms)[0m  [1m[36mcommit transaction[0m
  [1m[35m (0.0ms)[0m  [1m[36mbegin transaction[0m
  [1m[35mSQL (0.2ms)[0m  [1m[31mDELETE FROM "notes" WHERE "notes"."id" = ?[0m  [["id", 3]]
  [1m[35m (0.9ms)[0m  [1m[36mcommit transaction[0m
  [1m[35m (0.0ms)[0m  [1m[36mbegin transaction[0m
  [1m[35mSQL (0.3ms)[0m  [1m[31mDELETE FROM "notes" WHERE "notes"."id" = ?[0m  [["id", 4]]
  [1m[35m (0.7ms)[0m  [1m[36mcommit transaction[0m
  [1m[35m (0.1ms)[0m  [1m[36mbegin transaction[0m
  [1m[35mSQL (0.2ms)[0m  [1m[31mDELETE FROM "notes" WHERE "notes"."id" = ?[0m  [["id", 5]]
  [1m[35m (0.9ms)[0m  [1m[36mcommit transaction[0m
  [1m[35m (0.0ms)[0m  [1m[36mbegin transaction[0m
  [1m[35mSQL (0.2ms)[0m  [1m[31mDELETE FROM "notes" WHERE "notes"."id" = ?[0m  [["id", 6]]
  [1m[35m (0.8ms)[0m  [1m[36mcommit transaction[0m
  [1m[35m (0.0ms)[0m  [1m[36mbegin transaction[0m
  [1m[35mSQL (0.2ms)[0m  [1m[31mDELETE FROM "notes" WHERE "notes"."id" = ?[0m  [["id", 7]]
  [1m[35m (0.5ms)[0m  [1m[36mcommit transaction[0m
  [1m[35m (0.0ms)[0m  [1m[36mbegin transaction[0m
  [1m[35mSQL (0.2ms)[0m  [1m[31mDELETE FROM "notes" WHERE "notes"."id" = ?[0m  [["id", 8]]
  [1m[35m (0.8ms)[0m  [1m[36mcommit transaction[0m
  [1m[35m (0.0ms)[0m  [1m[36mbegin transaction[0m
  [1m[35mSQL (0.2ms)[0m  [1m[31mDELETE FROM "notes" WHERE "notes"."id" = ?[0m  [["id", 9]]
  [1m[35m (0.5ms)[0m  [1m[36mcommit transaction[0m
  [1m[35m (0.0ms)[0m  [1m[36mbegin transaction[0m
  [1m[35mSQL (0.2ms)[0m  [1m[31mDELETE FROM "notes" WHERE "notes"."id" = ?[0m  [["id", 10]]
  [1m[35m (0.9ms)[0m  [1m[36mcommit transaction[0m
  [1m[35m (0.0ms)[0m  [1m[36mbegin transaction[0m
  [1m[35mSQL (0.4ms)[0m  [1m[32mINSERT INTO "notes" ("user_id", "title", "body", "created_at", "updated_at") VALUES (?, ?, ?, ?, ?)[0m  [["user_id", 2], ["title", "Est vivo addo vulpes."], ["body", "Communis uxor debilito. Magni eaque videlicet. Stipes desino defungo.\\nDesino tres autem. Pariatur decretum ver. Volaticus conforto consequatur.\\nAlioqui cernuus autem. Viduata caste corona. Adulatio altus arbor."], ["created_at", "2019-01-17 14:32:01.510783"], ["updated_at", "2019-01-17 14:32:01.510783"]]
  [1m[35m (1.1ms)[0m  [1m[36mcommit transaction[0m
  [1m[35m (0.0ms)[0m  [1m[36mbegin transaction[0m
  [1m[35mSQL (0.2ms)[0m  [1m[32mINSERT INTO "notes" ("user_id", "title", "body", "created_at", "updated_at") VALUES (?, ?, ?, ?, ?)[0m  [["user_id", 2], ["title", "Aperio aro."], ["body", "Thermae omnis pariatur. Calcar aperio degenero. Conforto nobis arx.\\nBalbus claustrum tristis. Canonicus adopto caelestis. Catena sunt ea.\\nDolor illo pecus. Canto aut culpa. Volup tracto eligendi."], ["created_at", "2019-01-17 14:32:01.513847"], ["updated_at", "2019-01-17 14:32:01.513847"]]
  [1m[35m (0.9ms)[0m  [1m[36mcommit transaction[0m
  [1m[35m (0.0ms)[0m  [1m[36mbegin transaction[0m
  [1m[35mSQL (0.2ms)[0m  [1m[32mINSERT INTO "notes" ("user_id", "title", "body", "created_at", "updated_at") VALUES (?, ?, ?, ?, ?)[0m  [["user_id", 2], ["title", "A dolor sollers."], ["body", "Consequatur cupio terminatio. Vitium odio amiculum. Caritas debeo varietas.\\nConculco trans celo. Recusandae conduco absorbeo. Cicuta spes abundans.\\nIpsam verecundia cuppedia. Ter eius ceno. Coma truculenter defigo."], ["created_at", "2019-01-17 14:32:01.516606"], ["updated_at", "2019-01-17 14:32:01.516606"]]
  [1m[35m (0.8ms)[0m  [1m[36mcommit transaction[0m
  [1m[35m (0.0ms)[0m  [1m[36mbegin transaction[0m
  [1m[35mSQL (0.2ms)[0m  [1m[32mINSERT INTO "notes" ("user_id", "title", "body", "created_at", "updated_at") VALUES (?, ?, ?, ?, ?)[0m  [["user_id", 2], ["title", "Vindico vivo voluptatem."], ["body", "Testimonium clam aiunt. Casso defigo distinctio. Aufero dolores blanditiis.\\nOcer demoror supra. Tremo catena concedo. Adversus animus pecunia.\\nAntiquus teres adsidue. Cilicium velum somniculosus. Voluptatem vallum occaecati."], ["created_at", "2019-01-17 14:32:01.519256"], ["updated_at", "2019-01-17 14:32:01.519256"]]
  [1m[35m (0.9ms)[0m  [1m[36mcommit transaction[0m
  [1m[35m (0.0ms)[0m  [1m[36mbegin transaction[0m
  [1m[35mSQL (0.3ms)[0m  [1m[32mINSERT INTO "notes" ("user_id", "title", "body", "created_at", "updated_at") VALUES (?, ?, ?, ?, ?)[0m  [["user_id", 2], ["title", "Vestrum verumtamen curvo corrigo."], ["body", "Argentum desino deduco. Umbra aer amaritudo. Confero utor vir.\\nVulticulus coniecto et. Torrens casus dignissimos. Armo victus amita.\\nCervus curo decerno. Admiratio ut corrupti. Adfectus qui brevis."], ["created_at", "2019-01-17 14:32:01.522151"], ["updated_at", "2019-01-17 14:32:01.522151"]]
  [1m[35m (0.8ms)[0m  [1m[36mcommit transaction[0m
  [1m[35m (0.0ms)[0m  [1m[36mbegin transaction[0m
  [1m[35mSQL (0.2ms)[0m  [1m[32mINSERT INTO "notes" ("user_id", "title", "body", "created_at", "updated_at") VALUES (?, ?, ?, ?, ?)[0m  [["user_id", 2], ["title", "Sint cras capillus."], ["body", "Tamdiu uredo tubineus. Validus termes claustrum. Aqua reprehenderit delinquo.\\nVictoria angulus cultura. Aut capto paulatim. Volva aperio carmen.\\nMollitia pecunia caelestis. Deorsum dolore aut. Totidem spoliatio deduco."], ["created_at", "2019-01-17 14:32:01.524884"], ["updated_at", "2019-01-17 14:32:01.524884"]]
  [1m[35m (0.7ms)[0m  [1m[36mcommit transaction[0m
  [1m[35m (0.0ms)[0m  [1m[36mbegin transaction[0m
  [1m[35mSQL (0.2ms)[0m  [1m[32mINSERT INTO "notes" ("user_id", "title", "body", "created_at", "updated_at") VALUES (?, ?, ?, ?, ?)[0m  [["user_id", 2], ["title", "Ustilo aperte."], ["body", "Dapifer tenus adhuc. Aptus voluptates denuo. Amitto summa cruentus.\\nTunc terreo supellex. Cubitum caterva comminor. Eaque approbo pectus.\\nAlienus et debitis. Conturbo depulso tergiversatio. Tamen ut ante."], ["created_at", "2019-01-17 14:32:01.527270"], ["updated_at", "2019-01-17 14:32:01.527270"]]
  [1m[35m (0.7ms)[0m  [1m[36mcommit transaction[0m
  [1m[35m (0.0ms)[0m  [1m[36mbegin transaction[0m
  [1m[35mSQL (0.3ms)[0m  [1m[32mINSERT INTO "notes" ("user_id", "title", "body", "created_at", "updated_at") VALUES (?, ?, ?, ?, ?)[0m  [["user_id", 2], ["title", "Valde cum nostrum combibo."], ["body", "Avoco ceno peior. Voluptatum vae patrocinor. Appositus bardus defessus.\\nAiunt amplus a. Attollo exercitationem acer. Pauci delego curtus.\\nDolorem comparo umquam. Vulnus venio voluptas. Laudantium victus laborum."], ["created_at", "2019-01-17 14:32:01.529691"], ["updated_at", "2019-01-17 14:32:01.529691"]]
  [1m[35m (0.8ms)[0m  [1m[36mcommit transaction[0m
  [1m[35m (0.0ms)[0m  [1m[36mbegin transaction[0m
  [1m[35mSQL (0.3ms)[0m  [1m[32mINSERT INTO "notes" ("user_id", "title", "body", "created_at", "updated_at") VALUES (?, ?, ?, ?, ?)[0m  [["user_id", 2], ["title", "Antiquus et alias velut."], ["body", "Armo et virga. Attero curia amicitia. Tandem vos quis.\\nQuisquam ambitus in. Curso tempora defleo. Accipio clam adfectus.\\nConsuasor deleo conculco. Claustrum adipiscor laboriosam. Supellex amor facilis."], ["created_at", "2019-01-17 14:32:01.532258"], ["updated_at", "2019-01-17 14:32:01.532258"]]
  [1m[35m (1.0ms)[0m  [1m[36mcommit transaction[0m
  [1m[35m (0.0ms)[0m  [1m[36mbegin transaction[0m
  [1m[35mSQL (0.3ms)[0m  [1m[32mINSERT INTO "notes" ("user_id", "title", "body", "created_at", "updated_at") VALUES (?, ?, ?, ?, ?)[0m  [["user_id", 2], ["title", "Vivo."], ["body", "Eveniet odit harum. Aeger ubi inflammatio. Auditor carmen enim.\\nDepopulo curis sumo. Beneficium tabella denique. Surgo studio quibusdam.\\nSed alienus voluptatum. Versus atrox demonstro. Vicissitudo cribro thema."], ["created_at", "2019-01-17 14:32:01.535324"], ["updated_at", "2019-01-17 14:32:01.535324"]]
  [1m[35m (0.7ms)[0m  [1m[36mcommit transaction[0m
Started GET "/api/v1/users" for 127.0.0.1 at 2019-01-17 09:32:38 -0500
  [1m[36mActiveRecord::SchemaMigration Load (0.1ms)[0m  [1m[34mSELECT "schema_migrations".* FROM "schema_migrations"[0m
Processing by Api::V1::UsersController#index as HTML
  [1m[36mUser Load (0.1ms)[0m  [1m[34mSELECT "users".* FROM "users"[0m
[active_model_serializers]   [1m[36mNote Load (0.1ms)[0m  [1m[34mSELECT "notes".* FROM "notes" WHERE "notes"."user_id" = ?[0m  [["user_id", 2]]
[active_model_serializers] Rendered ActiveModel::Serializer::CollectionSerializer with ActiveModelSerializers::Adapter::Attributes (21.32ms)
Completed 200 OK in 41ms (Views: 36.0ms | ActiveRecord: 0.9ms)


Started POST "/api/v1/notes" for 127.0.0.1 at 2019-01-17 09:33:27 -0500
Processing by Api::V1::NotesController#create as */*
  [1m[35m (0.2ms)[0m  [1m[36mbegin transaction[0m
  [1m[35mSQL (0.5ms)[0m  [1m[32mINSERT INTO "notes" ("created_at", "updated_at") VALUES (?, ?)[0m  [["created_at", "2019-01-17 14:33:27.087280"], ["updated_at", "2019-01-17 14:33:27.087280"]]
  [1m[35m (1.2ms)[0m  [1m[36mcommit transaction[0m
[active_model_serializers] Rendered NoteSerializer with ActiveModelSerializers::Adapter::Attributes (5.97ms)
Completed 201 Created in 12ms (Views: 7.3ms | ActiveRecord: 2.0ms)


  [1m[35m (1.2ms)[0m  [1m[35mCREATE TABLE "schema_migrations" ("version" varchar NOT NULL PRIMARY KEY)[0m
  [1m[35m (1.1ms)[0m  [1m[35mCREATE TABLE "ar_internal_metadata" ("key" varchar NOT NULL PRIMARY KEY, "value" varchar, "created_at" datetime NOT NULL, "updated_at" datetime NOT NULL)[0m
  [1m[36mActiveRecord::SchemaMigration Load (0.1ms)[0m  [1m[34mSELECT "schema_migrations".* FROM "schema_migrations"[0m
Migrating to CreateUsers (20170619203656)
  [1m[35m (0.0ms)[0m  [1m[36mbegin transaction[0m
  [1m[35m (0.3ms)[0m  [1m[35mCREATE TABLE "users" ("id" INTEGER PRIMARY KEY AUTOINCREMENT NOT NULL, "name" varchar, "created_at" datetime NOT NULL, "updated_at" datetime NOT NULL)[0m
  [1m[35mSQL (0.2ms)[0m  [1m[32mINSERT INTO "schema_migrations" ("version") VALUES (?)[0m  [["version", "20170619203656"]]
  [1m[35m (0.7ms)[0m  [1m[36mcommit transaction[0m
Migrating to CreateNotes (20170619203722)
  [1m[35m (0.0ms)[0m  [1m[36mbegin transaction[0m
  [1m[35m (0.2ms)[0m  [1m[35mCREATE TABLE "notes" ("id" INTEGER PRIMARY KEY AUTOINCREMENT NOT NULL, "user_id" integer, "title" varchar, "body" varchar, "created_at" datetime NOT NULL, "updated_at" datetime NOT NULL)[0m
  [1m[35mSQL (0.1ms)[0m  [1m[32mINSERT INTO "schema_migrations" ("version") VALUES (?)[0m  [["version", "20170619203722"]]
  [1m[35m (0.7ms)[0m  [1m[36mcommit transaction[0m
  [1m[36mActiveRecord::InternalMetadata Load (0.1ms)[0m  [1m[34mSELECT  "ar_internal_metadata".* FROM "ar_internal_metadata" WHERE "ar_internal_metadata"."key" = ? LIMIT ?[0m  [["key", "environment"], ["LIMIT", 1]]
  [1m[35m (0.0ms)[0m  [1m[36mbegin transaction[0m
  [1m[35mSQL (0.3ms)[0m  [1m[32mINSERT INTO "ar_internal_metadata" ("key", "value", "created_at", "updated_at") VALUES (?, ?, ?, ?)[0m  [["key", "environment"], ["value", "development"], ["created_at", "2019-01-17 16:09:01.147741"], ["updated_at", "2019-01-17 16:09:01.147741"]]
  [1m[35m (0.6ms)[0m  [1m[36mcommit transaction[0m
  [1m[36mActiveRecord::SchemaMigration Load (0.1ms)[0m  [1m[34mSELECT "schema_migrations".* FROM "schema_migrations"[0m
  [1m[36mActiveRecord::SchemaMigration Load (0.2ms)[0m  [1m[34mSELECT "schema_migrations".* FROM "schema_migrations"[0m
  [1m[36mUser Load (0.1ms)[0m  [1m[34mSELECT "users".* FROM "users"[0m
  [1m[35m (0.0ms)[0m  [1m[36mbegin transaction[0m
  [1m[35mSQL (0.4ms)[0m  [1m[32mINSERT INTO "users" ("name", "created_at", "updated_at") VALUES (?, ?, ?)[0m  [["name", "andrew"], ["created_at", "2019-01-17 16:09:02.931333"], ["updated_at", "2019-01-17 16:09:02.931333"]]
  [1m[35m (0.7ms)[0m  [1m[36mcommit transaction[0m
  [1m[36mNote Load (0.2ms)[0m  [1m[34mSELECT "notes".* FROM "notes"[0m
  [1m[35m (0.0ms)[0m  [1m[36mbegin transaction[0m
  [1m[35mSQL (0.3ms)[0m  [1m[32mINSERT INTO "notes" ("user_id", "title", "body", "created_at", "updated_at") VALUES (?, ?, ?, ?, ?)[0m  [["user_id", 1], ["title", "Voluptatem civis ulterius colo."], ["body", "Arx adeo crepusculum. Cado curia vigor. Degero eligendi accendo.\\nMolestiae strenuus canonicus. Vita vorax voluptas. Suffoco et vindico.\\nAbsorbeo cum confugo. Cupio dolores quis. Adicio triginta auditor."], ["created_at", "2019-01-17 16:09:03.495133"], ["updated_at", "2019-01-17 16:09:03.495133"]]
  [1m[35m (0.8ms)[0m  [1m[36mcommit transaction[0m
  [1m[35m (0.1ms)[0m  [1m[36mbegin transaction[0m
  [1m[35mSQL (0.3ms)[0m  [1m[32mINSERT INTO "notes" ("user_id", "title", "body", "created_at", "updated_at") VALUES (?, ?, ?, ?, ?)[0m  [["user_id", 1], ["title", "Aut tersus accedo esse."], ["body", "Umerus deripio libero. Talio nulla summopere. Temperantia ad vesica.\\nUtpote depereo ex. Amaritudo turpe ciminatio. Debilito amitto capio.\\nDecerno umerus civitas. Atrox spoliatio cubicularis. Corrigo natus aliquid."], ["created_at", "2019-01-17 16:09:03.498124"], ["updated_at", "2019-01-17 16:09:03.498124"]]
  [1m[35m (0.8ms)[0m  [1m[36mcommit transaction[0m
  [1m[35m (0.0ms)[0m  [1m[36mbegin transaction[0m
  [1m[35mSQL (0.3ms)[0m  [1m[32mINSERT INTO "notes" ("user_id", "title", "body", "created_at", "updated_at") VALUES (?, ?, ?, ?, ?)[0m  [["user_id", 1], ["title", "Stipes thesaurus."], ["body", "Curto atqui umbra. Uxor acies decerno. Annus tenetur tutis.\\nCopia adimpleo studio. Viriliter circumvenio urbs. Adeo tristis sortitus.\\nAtrocitas civitas absconditus. Agnosco totam tonsor. Amissio desolo modi."], ["created_at", "2019-01-17 16:09:03.501329"], ["updated_at", "2019-01-17 16:09:03.501329"]]
  [1m[35m (0.7ms)[0m  [1m[36mcommit transaction[0m
  [1m[35m (0.0ms)[0m  [1m[36mbegin transaction[0m
  [1m[35mSQL (0.2ms)[0m  [1m[32mINSERT INTO "notes" ("user_id", "title", "body", "created_at", "updated_at") VALUES (?, ?, ?, ?, ?)[0m  [["user_id", 1], ["title", "Cerno aut."], ["body", "Urbanus brevis tracto. Utroque utilis demoror. Delectus asper nihil.\\nCerno adamo caelum. Correptius sopor voluntarius. Socius complectus terror.\\nAdvoco terreo fugit. Sonitus vita doloribus. Cultellus depraedor denique."], ["created_at", "2019-01-17 16:09:03.503959"], ["updated_at", "2019-01-17 16:09:03.503959"]]
  [1m[35m (0.7ms)[0m  [1m[36mcommit transaction[0m
  [1m[35m (0.0ms)[0m  [1m[36mbegin transaction[0m
  [1m[35mSQL (0.3ms)[0m  [1m[32mINSERT INTO "notes" ("user_id", "title", "body", "created_at", "updated_at") VALUES (?, ?, ?, ?, ?)[0m  [["user_id", 1], ["title", "Voluptatibus ipsum cum."], ["body", "Tamquam ver adaugeo. Vigor centum acceptus. Aureus minus tibi.\\nVel veniam vel. Theologus dedecor cupiditate. Delinquo adstringo adfectus.\\nAmo terminatio quod. Crinis baiulus approbo. Defungo solvo via."], ["created_at", "2019-01-17 16:09:03.506405"], ["updated_at", "2019-01-17 16:09:03.506405"]]
  [1m[35m (0.4ms)[0m  [1m[36mcommit transaction[0m
  [1m[35m (0.0ms)[0m  [1m[36mbegin transaction[0m
  [1m[35mSQL (0.3ms)[0m  [1m[32mINSERT INTO "notes" ("user_id", "title", "body", "created_at", "updated_at") VALUES (?, ?, ?, ?, ?)[0m  [["user_id", 1], ["title", "Coepi."], ["body", "Sortitus spargo ante. Defendo auctor cognomen. Deleniti expedita adamo.\\nDelinquo sortitus desolo. Valens articulus charisma. Utilis tam aperio.\\nArceo venia eos. Adulescens vestrum decimus. Virgo non qui."], ["created_at", "2019-01-17 16:09:03.508704"], ["updated_at", "2019-01-17 16:09:03.508704"]]
  [1m[35m (0.8ms)[0m  [1m[36mcommit transaction[0m
  [1m[35m (0.0ms)[0m  [1m[36mbegin transaction[0m
  [1m[35mSQL (0.3ms)[0m  [1m[32mINSERT INTO "notes" ("user_id", "title", "body", "created_at", "updated_at") VALUES (?, ?, ?, ?, ?)[0m  [["user_id", 1], ["title", "Est."], ["body", "Amissio assentator volva. Nihil calamitas supplanto. Crur quasi dolor.\\nViridis toties ut. Succurro voluptate timor. Corroboro dens solium.\\nAudax basium articulus. Sumptus tactus aperte. Ut rerum aestas."], ["created_at", "2019-01-17 16:09:03.511574"], ["updated_at", "2019-01-17 16:09:03.511574"]]
  [1m[35m (0.7ms)[0m  [1m[36mcommit transaction[0m
  [1m[35m (0.0ms)[0m  [1m[36mbegin transaction[0m
  [1m[35mSQL (0.3ms)[0m  [1m[32mINSERT INTO "notes" ("user_id", "title", "body", "created_at", "updated_at") VALUES (?, ?, ?, ?, ?)[0m  [["user_id", 1], ["title", "Autem degero acer."], ["body", "Auctus calculus conitor. Cura explicabo viduata. Custodia cicuta urbanus.\\nOptio tabernus aureus. Tendo arcesso vobis. Voco sordeo commodi.\\nIncidunt perferendis magnam. Cultura adiuvo eos. Non vigilo suasoria."], ["created_at", "2019-01-17 16:09:03.514258"], ["updated_at", "2019-01-17 16:09:03.514258"]]
  [1m[35m (0.6ms)[0m  [1m[36mcommit transaction[0m
  [1m[35m (0.0ms)[0m  [1m[36mbegin transaction[0m
  [1m[35mSQL (0.3ms)[0m  [1m[32mINSERT INTO "notes" ("user_id", "title", "body", "created_at", "updated_at") VALUES (?, ?, ?, ?, ?)[0m  [["user_id", 1], ["title", "Dedecor adstringo volva."], ["body", "Taedium suasoria aureus. Tersus altus cumque. Trans utpote aptus.\\nSubiungo aperte arguo. Qui id cariosus. Adopto stella velit.\\nCunae astrum amita. Neque sint ut. Voluptas curto tempus."], ["created_at", "2019-01-17 16:09:03.517017"], ["updated_at", "2019-01-17 16:09:03.517017"]]
  [1m[35m (0.6ms)[0m  [1m[36mcommit transaction[0m
  [1m[35m (0.0ms)[0m  [1m[36mbegin transaction[0m
  [1m[35mSQL (0.7ms)[0m  [1m[32mINSERT INTO "notes" ("user_id", "title", "body", "created_at", "updated_at") VALUES (?, ?, ?, ?, ?)[0m  [["user_id", 1], ["title", "Bellicus turba est recusandae."], ["body", "Et adaugeo consequatur. Stultus antepono assumenda. Calco conforto carus.\\nSunt adulatio labore. Coma apostolus aperio. Solus aspernatur casso.\\nCiminatio vestrum benevolentia. Suscipio vito crux. Tripudio aperte vorax."], ["created_at", "2019-01-17 16:09:03.520173"], ["updated_at", "2019-01-17 16:09:03.520173"]]
  [1m[35m (0.8ms)[0m  [1m[36mcommit transaction[0m
Started GET "/api/v1/users" for 127.0.0.1 at 2019-01-17 11:09:06 -0500
  [1m[36mActiveRecord::SchemaMigration Load (0.1ms)[0m  [1m[34mSELECT "schema_migrations".* FROM "schema_migrations"[0m
Processing by Api::V1::UsersController#index as HTML
  [1m[36mUser Load (0.1ms)[0m  [1m[34mSELECT "users".* FROM "users"[0m
[active_model_serializers]   [1m[36mNote Load (0.2ms)[0m  [1m[34mSELECT "notes".* FROM "notes" WHERE "notes"."user_id" = ?[0m  [["user_id", 1]]
[active_model_serializers] Rendered ActiveModel::Serializer::CollectionSerializer with ActiveModelSerializers::Adapter::Attributes (25.21ms)
Completed 200 OK in 48ms (Views: 43.1ms | ActiveRecord: 1.0ms)


  [1m[35m (1.4ms)[0m  [1m[35mCREATE TABLE "schema_migrations" ("version" varchar NOT NULL PRIMARY KEY)[0m
  [1m[35m (1.5ms)[0m  [1m[35mCREATE TABLE "ar_internal_metadata" ("key" varchar NOT NULL PRIMARY KEY, "value" varchar, "created_at" datetime NOT NULL, "updated_at" datetime NOT NULL)[0m
  [1m[36mActiveRecord::SchemaMigration Load (0.1ms)[0m  [1m[34mSELECT "schema_migrations".* FROM "schema_migrations"[0m
Migrating to CreateUsers (20170619203656)
  [1m[35m (0.1ms)[0m  [1m[36mbegin transaction[0m
  [1m[35m (0.4ms)[0m  [1m[35mCREATE TABLE "users" ("id" INTEGER PRIMARY KEY AUTOINCREMENT NOT NULL, "name" varchar, "created_at" datetime NOT NULL, "updated_at" datetime NOT NULL)[0m
  [1m[35mSQL (0.2ms)[0m  [1m[32mINSERT INTO "schema_migrations" ("version") VALUES (?)[0m  [["version", "20170619203656"]]
  [1m[35m (1.3ms)[0m  [1m[36mcommit transaction[0m
Migrating to CreateNotes (20170619203722)
  [1m[35m (0.1ms)[0m  [1m[36mbegin transaction[0m
  [1m[35m (0.4ms)[0m  [1m[35mCREATE TABLE "notes" ("id" INTEGER PRIMARY KEY AUTOINCREMENT NOT NULL, "user_id" integer, "title" varchar, "body" varchar, "created_at" datetime NOT NULL, "updated_at" datetime NOT NULL)[0m
  [1m[35mSQL (0.1ms)[0m  [1m[32mINSERT INTO "schema_migrations" ("version") VALUES (?)[0m  [["version", "20170619203722"]]
  [1m[35m (1.2ms)[0m  [1m[36mcommit transaction[0m
  [1m[36mActiveRecord::InternalMetadata Load (0.1ms)[0m  [1m[34mSELECT  "ar_internal_metadata".* FROM "ar_internal_metadata" WHERE "ar_internal_metadata"."key" = ? LIMIT ?[0m  [["key", "environment"], ["LIMIT", 1]]
  [1m[35m (0.1ms)[0m  [1m[36mbegin transaction[0m
  [1m[35mSQL (0.3ms)[0m  [1m[32mINSERT INTO "ar_internal_metadata" ("key", "value", "created_at", "updated_at") VALUES (?, ?, ?, ?)[0m  [["key", "environment"], ["value", "development"], ["created_at", "2019-08-16 20:57:07.100396"], ["updated_at", "2019-08-16 20:57:07.100396"]]
  [1m[35m (0.6ms)[0m  [1m[36mcommit transaction[0m
  [1m[36mActiveRecord::SchemaMigration Load (0.1ms)[0m  [1m[34mSELECT "schema_migrations".* FROM "schema_migrations"[0m
  [1m[36mActiveRecord::SchemaMigration Load (0.1ms)[0m  [1m[34mSELECT "schema_migrations".* FROM "schema_migrations"[0m
  [1m[36mUser Load (0.1ms)[0m  [1m[34mSELECT "users".* FROM "users"[0m
  [1m[35m (0.0ms)[0m  [1m[36mbegin transaction[0m
  [1m[35mSQL (0.3ms)[0m  [1m[32mINSERT INTO "users" ("name", "created_at", "updated_at") VALUES (?, ?, ?)[0m  [["name", "philipsmalls"], ["created_at", "2019-08-16 20:57:08.807759"], ["updated_at", "2019-08-16 20:57:08.807759"]]
  [1m[35m (1.2ms)[0m  [1m[36mcommit transaction[0m
  [1m[36mNote Load (0.1ms)[0m  [1m[34mSELECT "notes".* FROM "notes"[0m
  [1m[35m (0.1ms)[0m  [1m[36mbegin transaction[0m
  [1m[35mSQL (0.3ms)[0m  [1m[32mINSERT INTO "notes" ("user_id", "title", "body", "created_at", "updated_at") VALUES (?, ?, ?, ?, ?)[0m  [["user_id", 1], ["title", "Eos admiratio victus."], ["body", "Degusto aliquid ciminatio. Totus valde confugo. Amoveo thorax ventosus.\\nAptus nihil dolorum. Tantillus ademptio ullam. Cunabula aduro vorago.\\nVesco adicio delibero. Caveo tripudio totus. Dignissimos theologus condico."], ["created_at", "2019-08-16 20:57:09.404266"], ["updated_at", "2019-08-16 20:57:09.404266"]]
  [1m[35m (1.3ms)[0m  [1m[36mcommit transaction[0m
  [1m[35m (0.1ms)[0m  [1m[36mbegin transaction[0m
  [1m[35mSQL (0.5ms)[0m  [1m[32mINSERT INTO "notes" ("user_id", "title", "body", "created_at", "updated_at") VALUES (?, ?, ?, ?, ?)[0m  [["user_id", 1], ["title", "Thorax textor confero."], ["body", "Pecto peior odit. Abutor aegrotatio utroque. Officia abscido alioqui.\\nAmbitus tandem aestas. Confugo curtus sodalitas. Cogo defungo vel.\\nVictoria a et. Creber utilis contra. Civis crinis defendo."], ["created_at", "2019-08-16 20:57:09.408079"], ["updated_at", "2019-08-16 20:57:09.408079"]]
  [1m[35m (1.3ms)[0m  [1m[36mcommit transaction[0m
  [1m[35m (0.0ms)[0m  [1m[36mbegin transaction[0m
  [1m[35mSQL (0.3ms)[0m  [1m[32mINSERT INTO "notes" ("user_id", "title", "body", "created_at", "updated_at") VALUES (?, ?, ?, ?, ?)[0m  [["user_id", 1], ["title", "Vae vulticulus."], ["body", "Laudantium conculco suppellex. Vinco absque suspendo. Universe copiose minus.\\nUt eum venustas. Odit suscipio despecto. Cupiditate atqui eveniet.\\nUndique molestiae pel. Alienus trucido defero. Despirmatio autem trucido."], ["created_at", "2019-08-16 20:57:09.411826"], ["updated_at", "2019-08-16 20:57:09.411826"]]
  [1m[35m (1.1ms)[0m  [1m[36mcommit transaction[0m
  [1m[35m (0.0ms)[0m  [1m[36mbegin transaction[0m
  [1m[35mSQL (0.3ms)[0m  [1m[32mINSERT INTO "notes" ("user_id", "title", "body", "created_at", "updated_at") VALUES (?, ?, ?, ?, ?)[0m  [["user_id", 1], ["title", "Uxor."], ["body", "Conor decerno adduco. Voluptatibus corroboro sollicito. Valde cimentarius veritas.\\nRerum canto admiratio. Urbs soleo crustulum. Barba odio ubi.\\nSperno et deinde. Amplus conservo ancilla. Et corpus testimonium."], ["created_at", "2019-08-16 20:57:09.415220"], ["updated_at", "2019-08-16 20:57:09.415220"]]
  [1m[35m (1.3ms)[0m  [1m[36mcommit transaction[0m
  [1m[35m (0.1ms)[0m  [1m[36mbegin transaction[0m
  [1m[35mSQL (0.3ms)[0m  [1m[32mINSERT INTO "notes" ("user_id", "title", "body", "created_at", "updated_at") VALUES (?, ?, ?, ?, ?)[0m  [["user_id", 1], ["title", "Derideo."], ["body", "Contabesco deputo aeternus. Tero defungo supplanto. Contabesco uredo suffoco.\\nOptio tenetur stipes. Depulso iste sublime. Velut vergo bardus.\\nSuppono quasi audacia. Alter qui adhuc. Repellendus alii quidem."], ["created_at", "2019-08-16 20:57:09.418876"], ["updated_at", "2019-08-16 20:57:09.418876"]]
  [1m[35m (1.1ms)[0m  [1m[36mcommit transaction[0m
  [1m[35m (0.0ms)[0m  [1m[36mbegin transaction[0m
  [1m[35mSQL (0.3ms)[0m  [1m[32mINSERT INTO "notes" ("user_id", "title", "body", "created_at", "updated_at") VALUES (?, ?, ?, ?, ?)[0m  [["user_id", 1], ["title", "Suggero et atrocitas."], ["body", "Claustrum et decens. Velit quis hic. Cultura enim ter.\\nCiminatio quia cicuta. Admiratio tui ratione. Trepide velociter ambulo.\\nCurriculum qui complectus. Sol repellendus architecto. Qui tempore eum."], ["created_at", "2019-08-16 20:57:09.422459"], ["updated_at", "2019-08-16 20:57:09.422459"]]
  [1m[35m (1.3ms)[0m  [1m[36mcommit transaction[0m
  [1m[35m (0.0ms)[0m  [1m[36mbegin transaction[0m
  [1m[35mSQL (0.4ms)[0m  [1m[32mINSERT INTO "notes" ("user_id", "title", "body", "created_at", "updated_at") VALUES (?, ?, ?, ?, ?)[0m  [["user_id", 1], ["title", "Subnecto colloco incidunt demulceo."], ["body", "Trepide theatrum baiulus. Cribro tabesco audio. Vapulus cavus qui.\\nArceo pectus peccatus. Aut uxor adhuc. Defungo vinitor cognatus.\\nAngulus solitudo cernuus. Bardus delibero adeptio. Suggero vorago concido."], ["created_at", "2019-08-16 20:57:09.426484"], ["updated_at", "2019-08-16 20:57:09.426484"]]
  [1m[35m (1.2ms)[0m  [1m[36mcommit transaction[0m
  [1m[35m (0.0ms)[0m  [1m[36mbegin transaction[0m
  [1m[35mSQL (0.3ms)[0m  [1m[32mINSERT INTO "notes" ("user_id", "title", "body", "created_at", "updated_at") VALUES (?, ?, ?, ?, ?)[0m  [["user_id", 1], ["title", "Quia enim."], ["body", "Cresco arguo omnis. Aut animi tergeo. Amissio cunctatio vero.\\nAcervus casso canto. Audentia asperiores cedo. Minima auctus acerbitas.\\nAtqui quia autem. Vere clibanus absum. Crebro cruciamentum iusto."], ["created_at", "2019-08-16 20:57:09.430796"], ["updated_at", "2019-08-16 20:57:09.430796"]]
  [1m[35m (1.3ms)[0m  [1m[36mcommit transaction[0m
  [1m[35m (0.0ms)[0m  [1m[36mbegin transaction[0m
  [1m[35mSQL (0.3ms)[0m  [1m[32mINSERT INTO "notes" ("user_id", "title", "body", "created_at", "updated_at") VALUES (?, ?, ?, ?, ?)[0m  [["user_id", 1], ["title", "Usitas aiunt molestiae tergum."], ["body", "Vox aliquid ipsum. Vis ipsam decumbo. Confugo esse demergo.\\nCasus aggredior sodalitas. Adficio atrox suadeo. Complectus voluptate uter.\\nCommodo officia distinctio. Curia assumenda amitto. Ducimus centum aduro."], ["created_at", "2019-08-16 20:57:09.434903"], ["updated_at", "2019-08-16 20:57:09.434903"]]
  [1m[35m (0.8ms)[0m  [1m[36mcommit transaction[0m
  [1m[35m (0.0ms)[0m  [1m[36mbegin transaction[0m
  [1m[35mSQL (0.3ms)[0m  [1m[32mINSERT INTO "notes" ("user_id", "title", "body", "created_at", "updated_at") VALUES (?, ?, ?, ?, ?)[0m  [["user_id", 1], ["title", "Aggero undique."], ["body", "Ab supra capto. Tepesco animi degenero. Circumvenio tempore solium.\\nVigilo carpo vito. Constans utique spiritus. Absens reiciendis suadeo.\\nTrado vulariter sordeo. Adamo corona eos. Desipio nobis vindico."], ["created_at", "2019-08-16 20:57:09.438447"], ["updated_at", "2019-08-16 20:57:09.438447"]]
  [1m[35m (1.2ms)[0m  [1m[36mcommit transaction[0m
  [1m[36mUser Load (1.1ms)[0m  [1m[34mSELECT "users".* FROM "users"[0m
  [1m[36mNote Load (0.2ms)[0m  [1m[34mSELECT "notes".* FROM "notes"[0m
Started GET "/rails/info/routes" for 127.0.0.1 at 2019-08-16 16:59:30 -0400
  [1m[36mActiveRecord::SchemaMigration Load (0.1ms)[0m  [1m[34mSELECT "schema_migrations".* FROM "schema_migrations"[0m
Processing by Rails::InfoController#routes as HTML
  Parameters: {"internal"=>true}
  Rendering /Users/philipsmalls/.rvm/gems/ruby-2.6.1/gems/railties-5.0.7.1/lib/rails/templates/rails/info/routes.html.erb within layouts/application
  Rendered collection of /Users/philipsmalls/.rvm/gems/ruby-2.6.1/gems/actionpack-5.0.7.1/lib/action_dispatch/middleware/templates/routes/_route.html.erb [12 times] (9.8ms)
  Rendered /Users/philipsmalls/.rvm/gems/ruby-2.6.1/gems/actionpack-5.0.7.1/lib/action_dispatch/middleware/templates/routes/_table.html.erb (9.6ms)
  Rendered /Users/philipsmalls/.rvm/gems/ruby-2.6.1/gems/railties-5.0.7.1/lib/rails/templates/rails/info/routes.html.erb within layouts/application (23.7ms)
Completed 200 OK in 33ms (Views: 30.6ms | ActiveRecord: 0.0ms)


Started GET "/api/v1/users/1" for 127.0.0.1 at 2019-08-16 16:59:38 -0400
Processing by Api::V1::UsersController#show as HTML
  Parameters: {"id"=>"1"}
  [1m[36mUser Load (0.3ms)[0m  [1m[34mSELECT  "users".* FROM "users" WHERE "users"."id" = ? LIMIT ?[0m  [["id", 1], ["LIMIT", 1]]
[active_model_serializers]   [1m[36mNote Load (0.2ms)[0m  [1m[34mSELECT "notes".* FROM "notes" WHERE "notes"."user_id" = ?[0m  [["user_id", 1]]
[active_model_serializers] Rendered UserSerializer with ActiveModelSerializers::Adapter::Attributes (39.55ms)
Completed 200 OK in 90ms (Views: 74.9ms | ActiveRecord: 1.7ms)


Started GET "/api/v1/notes" for 127.0.0.1 at 2019-08-16 16:59:52 -0400
Processing by Api::V1::NotesController#index as HTML
  [1m[36mNote Load (0.3ms)[0m  [1m[34mSELECT "notes".* FROM "notes"[0m
[active_model_serializers]   [1m[36mUser Load (0.1ms)[0m  [1m[34mSELECT  "users".* FROM "users" WHERE "users"."id" = ? LIMIT ?[0m  [["id", 1], ["LIMIT", 1]]
[active_model_serializers]   [1m[36mCACHE (0.1ms)[0m  [1m[34mSELECT  "users".* FROM "users" WHERE "users"."id" = ? LIMIT ?[0m  [["id", 1], ["LIMIT", 1]]
[active_model_serializers]   [1m[36mCACHE (0.0ms)[0m  [1m[34mSELECT  "users".* FROM "users" WHERE "users"."id" = ? LIMIT ?[0m  [["id", 1], ["LIMIT", 1]]
[active_model_serializers]   [1m[36mCACHE (0.0ms)[0m  [1m[34mSELECT  "users".* FROM "users" WHERE "users"."id" = ? LIMIT ?[0m  [["id", 1], ["LIMIT", 1]]
[active_model_serializers]   [1m[36mCACHE (0.0ms)[0m  [1m[34mSELECT  "users".* FROM "users" WHERE "users"."id" = ? LIMIT ?[0m  [["id", 1], ["LIMIT", 1]]
[active_model_serializers]   [1m[36mCACHE (0.0ms)[0m  [1m[34mSELECT  "users".* FROM "users" WHERE "users"."id" = ? LIMIT ?[0m  [["id", 1], ["LIMIT", 1]]
[active_model_serializers]   [1m[36mCACHE (0.0ms)[0m  [1m[34mSELECT  "users".* FROM "users" WHERE "users"."id" = ? LIMIT ?[0m  [["id", 1], ["LIMIT", 1]]
[active_model_serializers]   [1m[36mCACHE (0.0ms)[0m  [1m[34mSELECT  "users".* FROM "users" WHERE "users"."id" = ? LIMIT ?[0m  [["id", 1], ["LIMIT", 1]]
[active_model_serializers]   [1m[36mCACHE (0.0ms)[0m  [1m[34mSELECT  "users".* FROM "users" WHERE "users"."id" = ? LIMIT ?[0m  [["id", 1], ["LIMIT", 1]]
[active_model_serializers]   [1m[36mCACHE (0.0ms)[0m  [1m[34mSELECT  "users".* FROM "users" WHERE "users"."id" = ? LIMIT ?[0m  [["id", 1], ["LIMIT", 1]]
[active_model_serializers] Rendered ActiveModel::Serializer::CollectionSerializer with ActiveModelSerializers::Adapter::Attributes (26.35ms)
Completed 200 OK in 31ms (Views: 29.7ms | ActiveRecord: 0.6ms)


